0 verbose cli /opt/homebrew/Cellar/node/23.9.0/bin/node /opt/homebrew/bin/npm
1 info using npm@10.9.2
2 info using node@v23.9.0
3 silly config load:file:/opt/homebrew/lib/node_modules/npm/npmrc
4 silly config load:file:/Users/senyk/Desktop/COMP4800/COMP_4800_Music_Player/Starlight/backend/.npmrc
5 silly config load:file:/Users/senyk/.npmrc
6 silly config load:file:/opt/homebrew/etc/npmrc
7 verbose title npm install
8 verbose argv "install"
9 verbose logfile logs-max:10 dir:/Users/senyk/Desktop/COMP4800/COMP_4800_Music_Player/Starlight/backend/.npm/_logs/2025-11-21T20_56_51_935Z-
10 verbose logfile /Users/senyk/Desktop/COMP4800/COMP_4800_Music_Player/Starlight/backend/.npm/_logs/2025-11-21T20_56_51_935Z-debug-0.log
11 silly logfile done cleaning log files
12 silly packumentCache heap:2197815296 maxSize:549453824 maxEntrySize:274726912
13 silly idealTree buildDeps
14 verbose shrinkwrap failed to load node_modules/.package-lock.json out of date, updated: node_modules/@prisma
15 silly reify moves {}
16 silly audit bulk request {
16 silly audit   '@esbuild/aix-ppc64': [ '0.25.12' ],
16 silly audit   '@esbuild/android-arm': [ '0.25.12' ],
16 silly audit   '@esbuild/android-arm64': [ '0.25.12' ],
16 silly audit   '@esbuild/android-x64': [ '0.25.12' ],
16 silly audit   '@esbuild/darwin-arm64': [ '0.25.12' ],
16 silly audit   '@esbuild/darwin-x64': [ '0.25.12' ],
16 silly audit   '@esbuild/freebsd-arm64': [ '0.25.12' ],
16 silly audit   '@esbuild/freebsd-x64': [ '0.25.12' ],
16 silly audit   '@esbuild/linux-arm': [ '0.25.12' ],
16 silly audit   '@esbuild/linux-arm64': [ '0.25.12' ],
16 silly audit   '@esbuild/linux-ia32': [ '0.25.12' ],
16 silly audit   '@esbuild/linux-loong64': [ '0.25.12' ],
16 silly audit   '@esbuild/linux-mips64el': [ '0.25.12' ],
16 silly audit   '@esbuild/linux-ppc64': [ '0.25.12' ],
16 silly audit   '@esbuild/linux-riscv64': [ '0.25.12' ],
16 silly audit   '@esbuild/linux-s390x': [ '0.25.12' ],
16 silly audit   '@esbuild/linux-x64': [ '0.25.12' ],
16 silly audit   '@esbuild/netbsd-arm64': [ '0.25.12' ],
16 silly audit   '@esbuild/netbsd-x64': [ '0.25.12' ],
16 silly audit   '@esbuild/openbsd-arm64': [ '0.25.12' ],
16 silly audit   '@esbuild/openbsd-x64': [ '0.25.12' ],
16 silly audit   '@esbuild/openharmony-arm64': [ '0.25.12' ],
16 silly audit   '@esbuild/sunos-x64': [ '0.25.12' ],
16 silly audit   '@esbuild/win32-arm64': [ '0.25.12' ],
16 silly audit   '@esbuild/win32-ia32': [ '0.25.12' ],
16 silly audit   '@esbuild/win32-x64': [ '0.25.12' ],
16 silly audit   '@hapi/bourne': [ '3.0.0' ],
16 silly audit   '@prisma/client': [ '5.22.0' ],
16 silly audit   '@prisma/debug': [ '5.22.0' ],
16 silly audit   '@prisma/engines': [ '5.22.0' ],
16 silly audit   '@prisma/engines-version': [ '5.22.0-44.605197351a3c8bdd595af2d2a9bc3025bca48ea2' ],
16 silly audit   '@prisma/fetch-engine': [ '5.22.0' ],
16 silly audit   '@prisma/get-platform': [ '5.22.0' ],
16 silly audit   '@types/accepts': [ '1.3.7' ],
16 silly audit   '@types/body-parser': [ '1.19.6' ],
16 silly audit   '@types/connect': [ '3.4.38' ],
16 silly audit   '@types/content-disposition': [ '0.5.9' ],
16 silly audit   '@types/cookies': [ '0.9.2' ],
16 silly audit   '@types/express': [ '5.0.5' ],
16 silly audit   '@types/express-serve-static-core': [ '5.1.0' ],
16 silly audit   '@types/http-assert': [ '1.5.6' ],
16 silly audit   '@types/http-errors': [ '2.0.5' ],
16 silly audit   '@types/keygrip': [ '1.0.6' ],
16 silly audit   '@types/koa': [ '2.15.0' ],
16 silly audit   '@types/koa-bodyparser': [ '5.0.2' ],
16 silly audit   '@types/koa-compose': [ '3.2.9' ],
16 silly audit   '@types/koa-router': [ '7.4.9' ],
16 silly audit   '@types/koa-session': [ '6.4.5' ],
16 silly audit   '@types/mime': [ '1.3.5' ],
16 silly audit   '@types/node': [ '20.19.25' ],
16 silly audit   '@types/qs': [ '6.14.0' ],
16 silly audit   '@types/range-parser': [ '1.2.7' ],
16 silly audit   '@types/send': [ '1.2.1', '0.17.6' ],
16 silly audit   '@types/serve-static': [ '1.15.10' ],
16 silly audit   accepts: [ '1.3.8' ],
16 silly audit   'base64-js': [ '1.5.1' ],
16 silly audit   buffer: [ '5.7.1' ],
16 silly audit   bytes: [ '3.1.2' ],
16 silly audit   'cache-content-type': [ '1.0.1' ],
16 silly audit   'call-bind-apply-helpers': [ '1.0.2' ],
16 silly audit   'call-bound': [ '1.0.4' ],
16 silly audit   co: [ '4.6.0' ],
16 silly audit   'co-body': [ '6.2.0' ],
16 silly audit   'content-disposition': [ '0.5.4' ],
16 silly audit   'content-type': [ '1.0.5' ],
16 silly audit   cookies: [ '0.9.1' ],
16 silly audit   'copy-to': [ '2.0.1' ],
16 silly audit   'core-util-is': [ '1.0.3' ],
16 silly audit   crc: [ '3.8.0' ],
16 silly audit   debug: [ '4.4.3' ],
16 silly audit   'deep-equal': [ '1.0.1' ],
16 silly audit   delegates: [ '1.0.0' ],
16 silly audit   depd: [ '2.0.0', '1.1.2' ],
16 silly audit   destroy: [ '1.2.0' ],
16 silly audit   dotenv: [ '17.2.3' ],
16 silly audit   'dunder-proto': [ '1.0.1' ],
16 silly audit   'ee-first': [ '1.1.1' ],
16 silly audit   encodeurl: [ '1.0.2' ],
16 silly audit   'es-define-property': [ '1.0.1' ],
16 silly audit   'es-errors': [ '1.3.0' ],
16 silly audit   'es-object-atoms': [ '1.1.1' ],
16 silly audit   esbuild: [ '0.25.12' ],
16 silly audit   'escape-html': [ '1.0.3' ],
16 silly audit   fresh: [ '0.5.2' ],
16 silly audit   fsevents: [ '2.3.3' ],
16 silly audit   'function-bind': [ '1.1.2' ],
16 silly audit   'generator-function': [ '2.0.1' ],
16 silly audit   'get-intrinsic': [ '1.3.0' ],
16 silly audit   'get-proto': [ '1.0.1' ],
16 silly audit   'get-tsconfig': [ '4.13.0' ],
16 silly audit   gopd: [ '1.2.0' ],
16 silly audit   'has-symbols': [ '1.1.0' ],
16 silly audit   'has-tostringtag': [ '1.0.2' ],
16 silly audit   hasown: [ '2.0.2' ],
16 silly audit   'http-assert': [ '1.5.0' ],
16 silly audit   'http-errors': [ '1.8.1', '2.0.1', '2.0.0' ],
16 silly audit   'iconv-lite': [ '0.4.24' ],
16 silly audit   ieee754: [ '1.2.1' ],
16 silly audit   inflation: [ '2.1.0' ],
16 silly audit   inherits: [ '2.0.4' ],
16 silly audit   'is-class-hotfix': [ '0.0.6' ],
16 silly audit   'is-generator-function': [ '1.1.2' ],
16 silly audit   'is-regex': [ '1.2.1' ],
16 silly audit   'is-type-of': [ '1.4.0' ],
16 silly audit   isstream: [ '0.1.2' ],
16 silly audit   keygrip: [ '1.1.0' ],
16 silly audit   koa: [ '2.16.3' ],
16 silly audit   'koa-bodyparser': [ '4.4.1' ],
16 silly audit   'koa-compose': [ '4.1.0' ],
16 silly audit   'koa-convert': [ '2.0.0' ],
16 silly audit   'koa-cors': [ '0.0.16' ],
16 silly audit   'koa-router': [ '12.0.1' ],
16 silly audit   statuses: [ '2.0.2', '2.0.1', '1.5.0' ],
16 silly audit   'koa-session': [ '6.4.0' ],
16 silly audit   'math-intrinsics': [ '1.1.0' ],
16 silly audit   'media-typer': [ '0.3.0' ],
16 silly audit   methods: [ '1.1.2' ],
16 silly audit   'mime-db': [ '1.52.0' ],
16 silly audit   'mime-types': [ '2.1.35' ],
16 silly audit   ms: [ '2.1.3' ],
16 silly audit   negotiator: [ '0.6.3' ],
16 silly audit   'object-inspect': [ '1.13.4' ],
16 silly audit   'on-finished': [ '2.4.1' ],
16 silly audit   only: [ '0.0.2' ],
16 silly audit   parseurl: [ '1.3.3' ],
16 silly audit   'path-to-regexp': [ '6.3.0' ],
16 silly audit   prisma: [ '5.22.0' ],
16 silly audit   qs: [ '6.14.0' ],
16 silly audit   'raw-body': [ '2.5.2' ],
16 silly audit   'resolve-pkg-maps': [ '1.0.0' ],
16 silly audit   'safe-buffer': [ '5.2.1' ],
16 silly audit   'safe-regex-test': [ '1.1.0' ],
16 silly audit   'safer-buffer': [ '2.1.2' ],
16 silly audit   setprototypeof: [ '1.2.0' ],
16 silly audit   'side-channel': [ '1.1.0' ],
16 silly audit   'side-channel-list': [ '1.0.0' ],
16 silly audit   'side-channel-map': [ '1.0.1' ],
16 silly audit   'side-channel-weakmap': [ '1.0.2' ],
16 silly audit   toidentifier: [ '1.0.1' ],
16 silly audit   tsscmp: [ '1.0.6' ],
16 silly audit   tsx: [ '4.20.6' ],
16 silly audit   'type-is': [ '1.6.18' ],
16 silly audit   typescript: [ '5.9.3' ],
16 silly audit   'undici-types': [ '6.21.0' ],
16 silly audit   unpipe: [ '1.0.0' ],
16 silly audit   uuid: [ '8.3.2' ],
16 silly audit   vary: [ '1.1.2' ],
16 silly audit   ylru: [ '1.4.0' ]
16 silly audit }
17 verbose reify failed optional dependency /Users/senyk/Desktop/COMP4800/COMP_4800_Music_Player/Starlight/backend/node_modules/@esbuild/win32-x64
18 silly reify mark deleted [
18 silly reify   '/Users/senyk/Desktop/COMP4800/COMP_4800_Music_Player/Starlight/backend/node_modules/@esbuild/win32-x64'
18 silly reify ]
19 verbose reify failed optional dependency /Users/senyk/Desktop/COMP4800/COMP_4800_Music_Player/Starlight/backend/node_modules/@esbuild/win32-ia32
20 silly reify mark deleted [
20 silly reify   '/Users/senyk/Desktop/COMP4800/COMP_4800_Music_Player/Starlight/backend/node_modules/@esbuild/win32-ia32'
20 silly reify ]
21 verbose reify failed optional dependency /Users/senyk/Desktop/COMP4800/COMP_4800_Music_Player/Starlight/backend/node_modules/@esbuild/win32-arm64
22 silly reify mark deleted [
22 silly reify   '/Users/senyk/Desktop/COMP4800/COMP_4800_Music_Player/Starlight/backend/node_modules/@esbuild/win32-arm64'
22 silly reify ]
23 verbose reify failed optional dependency /Users/senyk/Desktop/COMP4800/COMP_4800_Music_Player/Starlight/backend/node_modules/@esbuild/sunos-x64
24 silly reify mark deleted [
24 silly reify   '/Users/senyk/Desktop/COMP4800/COMP_4800_Music_Player/Starlight/backend/node_modules/@esbuild/sunos-x64'
24 silly reify ]
25 verbose reify failed optional dependency /Users/senyk/Desktop/COMP4800/COMP_4800_Music_Player/Starlight/backend/node_modules/@esbuild/openharmony-arm64
26 silly reify mark deleted [
26 silly reify   '/Users/senyk/Desktop/COMP4800/COMP_4800_Music_Player/Starlight/backend/node_modules/@esbuild/openharmony-arm64'
26 silly reify ]
27 verbose reify failed optional dependency /Users/senyk/Desktop/COMP4800/COMP_4800_Music_Player/Starlight/backend/node_modules/@esbuild/openbsd-x64
28 silly reify mark deleted [
28 silly reify   '/Users/senyk/Desktop/COMP4800/COMP_4800_Music_Player/Starlight/backend/node_modules/@esbuild/openbsd-x64'
28 silly reify ]
29 verbose reify failed optional dependency /Users/senyk/Desktop/COMP4800/COMP_4800_Music_Player/Starlight/backend/node_modules/@esbuild/openbsd-arm64
30 silly reify mark deleted [
30 silly reify   '/Users/senyk/Desktop/COMP4800/COMP_4800_Music_Player/Starlight/backend/node_modules/@esbuild/openbsd-arm64'
30 silly reify ]
31 verbose reify failed optional dependency /Users/senyk/Desktop/COMP4800/COMP_4800_Music_Player/Starlight/backend/node_modules/@esbuild/netbsd-x64
32 silly reify mark deleted [
32 silly reify   '/Users/senyk/Desktop/COMP4800/COMP_4800_Music_Player/Starlight/backend/node_modules/@esbuild/netbsd-x64'
32 silly reify ]
33 verbose reify failed optional dependency /Users/senyk/Desktop/COMP4800/COMP_4800_Music_Player/Starlight/backend/node_modules/@esbuild/netbsd-arm64
34 silly reify mark deleted [
34 silly reify   '/Users/senyk/Desktop/COMP4800/COMP_4800_Music_Player/Starlight/backend/node_modules/@esbuild/netbsd-arm64'
34 silly reify ]
35 verbose reify failed optional dependency /Users/senyk/Desktop/COMP4800/COMP_4800_Music_Player/Starlight/backend/node_modules/@esbuild/linux-x64
36 silly reify mark deleted [
36 silly reify   '/Users/senyk/Desktop/COMP4800/COMP_4800_Music_Player/Starlight/backend/node_modules/@esbuild/linux-x64'
36 silly reify ]
37 verbose reify failed optional dependency /Users/senyk/Desktop/COMP4800/COMP_4800_Music_Player/Starlight/backend/node_modules/@esbuild/linux-s390x
38 silly reify mark deleted [
38 silly reify   '/Users/senyk/Desktop/COMP4800/COMP_4800_Music_Player/Starlight/backend/node_modules/@esbuild/linux-s390x'
38 silly reify ]
39 verbose reify failed optional dependency /Users/senyk/Desktop/COMP4800/COMP_4800_Music_Player/Starlight/backend/node_modules/@esbuild/linux-riscv64
40 silly reify mark deleted [
40 silly reify   '/Users/senyk/Desktop/COMP4800/COMP_4800_Music_Player/Starlight/backend/node_modules/@esbuild/linux-riscv64'
40 silly reify ]
41 verbose reify failed optional dependency /Users/senyk/Desktop/COMP4800/COMP_4800_Music_Player/Starlight/backend/node_modules/@esbuild/linux-ppc64
42 silly reify mark deleted [
42 silly reify   '/Users/senyk/Desktop/COMP4800/COMP_4800_Music_Player/Starlight/backend/node_modules/@esbuild/linux-ppc64'
42 silly reify ]
43 verbose reify failed optional dependency /Users/senyk/Desktop/COMP4800/COMP_4800_Music_Player/Starlight/backend/node_modules/@esbuild/linux-mips64el
44 silly reify mark deleted [
44 silly reify   '/Users/senyk/Desktop/COMP4800/COMP_4800_Music_Player/Starlight/backend/node_modules/@esbuild/linux-mips64el'
44 silly reify ]
45 verbose reify failed optional dependency /Users/senyk/Desktop/COMP4800/COMP_4800_Music_Player/Starlight/backend/node_modules/@esbuild/linux-loong64
46 silly reify mark deleted [
46 silly reify   '/Users/senyk/Desktop/COMP4800/COMP_4800_Music_Player/Starlight/backend/node_modules/@esbuild/linux-loong64'
46 silly reify ]
47 verbose reify failed optional dependency /Users/senyk/Desktop/COMP4800/COMP_4800_Music_Player/Starlight/backend/node_modules/@esbuild/linux-ia32
48 silly reify mark deleted [
48 silly reify   '/Users/senyk/Desktop/COMP4800/COMP_4800_Music_Player/Starlight/backend/node_modules/@esbuild/linux-ia32'
48 silly reify ]
49 verbose reify failed optional dependency /Users/senyk/Desktop/COMP4800/COMP_4800_Music_Player/Starlight/backend/node_modules/@esbuild/linux-arm64
50 silly reify mark deleted [
50 silly reify   '/Users/senyk/Desktop/COMP4800/COMP_4800_Music_Player/Starlight/backend/node_modules/@esbuild/linux-arm64'
50 silly reify ]
51 verbose reify failed optional dependency /Users/senyk/Desktop/COMP4800/COMP_4800_Music_Player/Starlight/backend/node_modules/@esbuild/linux-arm
52 silly reify mark deleted [
52 silly reify   '/Users/senyk/Desktop/COMP4800/COMP_4800_Music_Player/Starlight/backend/node_modules/@esbuild/linux-arm'
52 silly reify ]
53 verbose reify failed optional dependency /Users/senyk/Desktop/COMP4800/COMP_4800_Music_Player/Starlight/backend/node_modules/@esbuild/freebsd-x64
54 silly reify mark deleted [
54 silly reify   '/Users/senyk/Desktop/COMP4800/COMP_4800_Music_Player/Starlight/backend/node_modules/@esbuild/freebsd-x64'
54 silly reify ]
55 verbose reify failed optional dependency /Users/senyk/Desktop/COMP4800/COMP_4800_Music_Player/Starlight/backend/node_modules/@esbuild/freebsd-arm64
56 silly reify mark deleted [
56 silly reify   '/Users/senyk/Desktop/COMP4800/COMP_4800_Music_Player/Starlight/backend/node_modules/@esbuild/freebsd-arm64'
56 silly reify ]
57 verbose reify failed optional dependency /Users/senyk/Desktop/COMP4800/COMP_4800_Music_Player/Starlight/backend/node_modules/@esbuild/darwin-x64
58 silly reify mark deleted [
58 silly reify   '/Users/senyk/Desktop/COMP4800/COMP_4800_Music_Player/Starlight/backend/node_modules/@esbuild/darwin-x64'
58 silly reify ]
59 verbose reify failed optional dependency /Users/senyk/Desktop/COMP4800/COMP_4800_Music_Player/Starlight/backend/node_modules/@esbuild/android-x64
60 silly reify mark deleted [
60 silly reify   '/Users/senyk/Desktop/COMP4800/COMP_4800_Music_Player/Starlight/backend/node_modules/@esbuild/android-x64'
60 silly reify ]
61 verbose reify failed optional dependency /Users/senyk/Desktop/COMP4800/COMP_4800_Music_Player/Starlight/backend/node_modules/@esbuild/android-arm64
62 silly reify mark deleted [
62 silly reify   '/Users/senyk/Desktop/COMP4800/COMP_4800_Music_Player/Starlight/backend/node_modules/@esbuild/android-arm64'
62 silly reify ]
63 verbose reify failed optional dependency /Users/senyk/Desktop/COMP4800/COMP_4800_Music_Player/Starlight/backend/node_modules/@esbuild/android-arm
64 silly reify mark deleted [
64 silly reify   '/Users/senyk/Desktop/COMP4800/COMP_4800_Music_Player/Starlight/backend/node_modules/@esbuild/android-arm'
64 silly reify ]
65 verbose reify failed optional dependency /Users/senyk/Desktop/COMP4800/COMP_4800_Music_Player/Starlight/backend/node_modules/@esbuild/aix-ppc64
66 silly reify mark deleted [
66 silly reify   '/Users/senyk/Desktop/COMP4800/COMP_4800_Music_Player/Starlight/backend/node_modules/@esbuild/aix-ppc64'
66 silly reify ]
67 http fetch POST 200 https://registry.npmjs.org/-/npm/v1/security/advisories/bulk 110ms
68 silly audit report {}
69 silly ADD
70 silly ADD
71 silly ADD
72 silly ADD
73 silly ADD
74 silly ADD
75 silly ADD
76 silly ADD
77 silly ADD
78 silly ADD
79 silly ADD
80 silly ADD
81 silly ADD
82 silly ADD
83 silly ADD
84 silly ADD
85 silly ADD
86 silly ADD
87 silly ADD
88 silly ADD
89 silly ADD
90 silly ADD
91 silly ADD
92 silly ADD
93 silly ADD
94 verbose cwd /Users/senyk/Desktop/COMP4800/COMP_4800_Music_Player/Starlight/backend
95 verbose os Darwin 24.6.0
96 verbose node v23.9.0
97 verbose npm  v10.9.2
98 verbose exit 0
99 info ok
